  main.cpp
D:\xqb_workspace\internship\Tiger-Engine\Tiger\src\main.cpp(142,16): warning C4244: “初始化”: 从“double”转换到“GLfloat”，可能丢失数据
D:\xqb_workspace\internship\Tiger-Engine\Tiger\src\main.cpp(143,16): warning C4244: “初始化”: 从“double”转换到“GLfloat”，可能丢失数据
D:\xqb_workspace\internship\Tiger-Engine\Tiger\src\main.cpp(152,28): warning C4244: “=”: 从“double”转换到“GLfloat”，可能丢失数据
D:\xqb_workspace\internship\Tiger-Engine\Tiger\src\main.cpp(153,28): warning C4244: “=”: 从“double”转换到“GLfloat”，可能丢失数据
D:\xqb_workspace\internship\Tiger-Engine\Tiger\src\main.cpp(158,65): warning C4244: “参数”: 从“double”转换到“GLfloat”，可能丢失数据
D:\xqb_workspace\internship\Tiger-Engine\Tiger\src\main.cpp(158,50): warning C4244: “参数”: 从“double”转换到“GLfloat”，可能丢失数据
D:\xqb_workspace\internship\Tiger-Engine\Tiger\src\main.cpp(159,27): warning C4244: “=”: 从“double”转换到“GLfloat”，可能丢失数据
D:\xqb_workspace\internship\Tiger-Engine\Tiger\src\main.cpp(160,27): warning C4244: “=”: 从“double”转换到“GLfloat”，可能丢失数据
D:\xqb_workspace\internship\Tiger-Engine\Tiger\src\main.cpp(163,57): warning C4244: “参数”: 从“GLdouble”转换到“GLfloat”，可能丢失数据
D:\xqb_workspace\internship\Tiger-Engine\Tiger\src\main.cpp(165,58): warning C4244: “参数”: 从“GLdouble”转换到“GLfloat”，可能丢失数据
D:\xqb_workspace\internship\Tiger-Engine\Tiger\src\main.cpp(167,54): warning C4244: “参数”: 从“GLdouble”转换到“GLfloat”，可能丢失数据
D:\xqb_workspace\internship\Tiger-Engine\Tiger\src\main.cpp(169,55): warning C4244: “参数”: 从“GLdouble”转换到“GLfloat”，可能丢失数据
D:\xqb_workspace\internship\Tiger-Engine\Tiger\src\main.cpp(171,49): warning C4244: “参数”: 从“double”转换到“GLfloat”，可能丢失数据
D:\xqb_workspace\internship\Tiger-Engine\Tiger\src\main.cpp(177,22): warning C4244: “=”: 从“double”转换到“T”，可能丢失数据
D:\xqb_workspace\internship\Tiger-Engine\Tiger\src\main.cpp(177,22): warning C4244:         with
D:\xqb_workspace\internship\Tiger-Engine\Tiger\src\main.cpp(177,22): warning C4244:         [
D:\xqb_workspace\internship\Tiger-Engine\Tiger\src\main.cpp(177,22): warning C4244:             T=float
D:\xqb_workspace\internship\Tiger-Engine\Tiger\src\main.cpp(177,22): warning C4244:         ]
D:\xqb_workspace\internship\Tiger-Engine\Tiger\src\main.cpp(178,22): warning C4244: “=”: 从“double”转换到“T”，可能丢失数据
D:\xqb_workspace\internship\Tiger-Engine\Tiger\src\main.cpp(178,22): warning C4244:         with
D:\xqb_workspace\internship\Tiger-Engine\Tiger\src\main.cpp(178,22): warning C4244:         [
D:\xqb_workspace\internship\Tiger-Engine\Tiger\src\main.cpp(178,22): warning C4244:             T=float
D:\xqb_workspace\internship\Tiger-Engine\Tiger\src\main.cpp(178,22): warning C4244:         ]
D:\xqb_workspace\internship\Tiger-Engine\Tiger\src\main.cpp(179,22): warning C4244: “=”: 从“double”转换到“T”，可能丢失数据
D:\xqb_workspace\internship\Tiger-Engine\Tiger\src\main.cpp(179,22): warning C4244:         with
D:\xqb_workspace\internship\Tiger-Engine\Tiger\src\main.cpp(179,22): warning C4244:         [
D:\xqb_workspace\internship\Tiger-Engine\Tiger\src\main.cpp(179,22): warning C4244:             T=float
D:\xqb_workspace\internship\Tiger-Engine\Tiger\src\main.cpp(179,22): warning C4244:         ]
  Tiger.vcxproj -> D:\xqb_workspace\internship\Tiger-Engine\x64\Debug\Tiger.exe
